{
  "0 debug pnpm:scope": {
    "selected": 1
  },
  "1 debug pnpm:package-manifest": {
    "initial": {
      "name": "@progressivestudio/eslint-config-ts",
      "version": "0.1.0",
      "description": "",
      "keywords": [],
      "license": "MIT",
      "files": [
        "index.js"
      ],
      "main": "index.js",
      "scripts": {
        "lint": "eslint . --config=index.js --ignore-path ../../../.gitignore",
        "lint:fix": "eslint . --config=index.js --ignore-path ../../../.gitignore --fix"
      },
      "publishConfig": {
        "access": "public"
      },
      "peerDependencies": {
        "eslint": ">=8.6.0",
        "typescript": ">4.5.5"
      },
      "dependencies": {
        "@progressivestudio/eslint-config-base": "workspace:*",
        "@typescript-eslint/eslint-plugin": "^5.9.1",
        "@typescript-eslint/parser": "^5.9.1"
      },
      "devDependencies": {
        "eslint": "^8.6.0",
        "typescript": "^4.5.5"
      }
    },
    "prefix": "/Users/ben/Projects/progressivestudio/configurations/packages/eslint/typescript"
  },
  "2 debug pnpm:context": {
    "currentLockfileExists": false,
    "storeDir": "/Users/ben/.pnpm-store/v3",
    "virtualStoreDir": "/Users/ben/Projects/progressivestudio/configurations/packages/eslint/typescript/node_modules/.pnpm"
  },
  "3 debug pnpm:stage": {
    "prefix": "/Users/ben/Projects/progressivestudio/configurations/packages/eslint/typescript",
    "stage": "resolution_started"
  },
  "4 error pnpm": {
    "code": "ERR_PNPM_NO_MATCHING_VERSION_INSIDE_WORKSPACE",
    "pkgsStack": [],
    "err": {
      "name": "pnpm",
      "message": "In : No matching version found for @progressivestudio/eslint-config-base@* inside the workspace",
      "code": "ERR_PNPM_NO_MATCHING_VERSION_INSIDE_WORKSPACE",
      "stack": "pnpm: In : No matching version found for @progressivestudio/eslint-config-base@* inside the workspace\n    at tryResolveFromWorkspace (/opt/homebrew/Cellar/node/17.0.1/pnpm-global/5/node_modules/.pnpm/pnpm@6.27.1/node_modules/pnpm/dist/pnpm.cjs:85750:15)\n    at resolveNpm (/opt/homebrew/Cellar/node/17.0.1/pnpm-global/5/node_modules/.pnpm/pnpm@6.27.1/node_modules/pnpm/dist/pnpm.cjs:85641:39)\n    at Object.resolve (/opt/homebrew/Cellar/node/17.0.1/pnpm-global/5/node_modules/.pnpm/pnpm@6.27.1/node_modules/pnpm/dist/pnpm.cjs:85873:40)\n    at ctx.requestsQueue.add.priority (/opt/homebrew/Cellar/node/17.0.1/pnpm-global/5/node_modules/.pnpm/pnpm@6.27.1/node_modules/pnpm/dist/pnpm.cjs:71798:75)\n    at run (/opt/homebrew/Cellar/node/17.0.1/pnpm-global/5/node_modules/.pnpm/pnpm@6.27.1/node_modules/pnpm/dist/pnpm.cjs:71514:90)\n    at PQueue._tryToStartAnother (/opt/homebrew/Cellar/node/17.0.1/pnpm-global/5/node_modules/.pnpm/pnpm@6.27.1/node_modules/pnpm/dist/pnpm.cjs:71468:13)\n    at /opt/homebrew/Cellar/node/17.0.1/pnpm-global/5/node_modules/.pnpm/pnpm@6.27.1/node_modules/pnpm/dist/pnpm.cjs:71527:16\n    at new Promise (<anonymous>)\n    at PQueue.add (/opt/homebrew/Cellar/node/17.0.1/pnpm-global/5/node_modules/.pnpm/pnpm@6.27.1/node_modules/pnpm/dist/pnpm.cjs:71509:16)\n    at resolveAndFetch (/opt/homebrew/Cellar/node/17.0.1/pnpm-global/5/node_modules/.pnpm/pnpm@6.27.1/node_modules/pnpm/dist/pnpm.cjs:71798:55)"
    }
  }
}
