{
  "0 debug pnpm:scope": {
    "selected": 1
  },
  "1 error pnpm": {
    "errno": 2,
    "code": "ELIFECYCLE",
    "pkgid": "@progressivestudio/eslint-config-react@0.0.0",
    "stage": "lint",
    "script": "eslint . --config=index.js --ignore-path ../../../.gitignore",
    "pkgname": "@progressivestudio/eslint-config-react",
    "err": {
      "name": "pnpm",
      "message": "@progressivestudio/eslint-config-react@0.0.0 lint: `eslint . --config=index.js --ignore-path ../../../.gitignore`\nExit status 2",
      "code": "ELIFECYCLE",
      "stack": "pnpm: @progressivestudio/eslint-config-react@0.0.0 lint: `eslint . --config=index.js --ignore-path ../../../.gitignore`\nExit status 2\n    at EventEmitter.<anonymous> (/opt/homebrew/Cellar/node/17.0.1/pnpm-global/5/node_modules/.pnpm/pnpm@6.27.1/node_modules/pnpm/dist/pnpm.cjs:105392:20)\n    at EventEmitter.emit (node:events:390:28)\n    at ChildProcess.<anonymous> (/opt/homebrew/Cellar/node/17.0.1/pnpm-global/5/node_modules/.pnpm/pnpm@6.27.1/node_modules/pnpm/dist/pnpm.cjs:91979:18)\n    at ChildProcess.emit (node:events:390:28)\n    at maybeClose (node:internal/child_process:1062:16)\n    at Process.ChildProcess._handle.onexit (node:internal/child_process:301:5)"
    }
  },
  "2 warn pnpm:global": " Local package.json exists, but node_modules missing, did you mean to install?"
}